Android Projects/ACRepairPreview/app/build/intermediates/manifest_merge_blame_file/debug/manifest-merger-blame-debug-report.txt
1<?xml version="1.0" encoding="utf-8"?>
2<manifest xmlns:android="http://schemas.android.com/apk/res/android"
3    package="com.example.acrepairpreview"
4    android:versionCode="1"
5    android:versionName="1.0" >
6
7    <uses-sdk
8        android:minSdkVersion="19"
8-->src\main\AndroidManifest.xml
9        android:targetSdkVersion="29" />
9-->src\main\AndroidManifest.xml
10
11    <application
11-->src\main\AndroidManifest.xml:6:5-30:19
12        android:name="com.example.acrepairpreview.application.AcRepair"
12-->src\main\AndroidManifest.xml:7:9-45
13        android:allowBackup="true"
13-->src\main\AndroidManifest.xml:8:9-35
14        android:appComponentFactory="androidx.core.app.CoreComponentFactory"
14-->[androidx.core:core:1.1.0] AndroidManifest.xml:24:18-86
15        android:debuggable="true"
16        android:icon="@mipmap/ic_launcher"
16-->src\main\AndroidManifest.xml:9:9-43
17        android:label="@string/app_name"
17-->src\main\AndroidManifest.xml:10:9-41
18        android:roundIcon="@mipmap/ic_launcher_round"
18-->src\main\AndroidManifest.xml:11:9-54
19        android:supportsRtl="true"
19-->src\main\AndroidManifest.xml:12:9-35
20        android:testOnly="true"
21        android:theme="@style/AppTheme" >
21-->src\main\AndroidManifest.xml:13:9-40
22        <activity android:name="com.example.acrepairpreview.activities.SettingsActivity" />
22-->src\main\AndroidManifest.xml:15:9-74
22-->src\main\AndroidManifest.xml:15:19-62
23        <activity android:name="com.example.acrepairpreview.activities.OTPActivity" />
23-->src\main\AndroidManifest.xml:16:9-60
23-->src\main\AndroidManifest.xml:16:19-57
24        <activity android:name="com.example.acrepairpreview.activities.ForgotPasswordActivity" />
24-->src\main\AndroidManifest.xml:17:9-71
24-->src\main\AndroidManifest.xml:17:19-68
25        <activity android:name="com.example.acrepairpreview.activities.SignUpActivity" />
25-->src\main\AndroidManifest.xml:18:9-63
25-->src\main\AndroidManifest.xml:18:19-60
26        <activity android:name="com.example.acrepairpreview.activities.MainActivity" />
26-->src\main\AndroidManifest.xml:19:9-61
26-->src\main\AndroidManifest.xml:19:19-58
27        <activity android:name="com.example.acrepairpreview.activities.ChangeLanguageActivity" />
27-->src\main\AndroidManifest.xml:20:9-71
27-->src\main\AndroidManifest.xml:20:19-68
28        <activity android:name="com.example.acrepairpreview.activities.WelcomeActivity" >
28-->src\main\AndroidManifest.xml:21:9-28:20
28-->src\main\AndroidManifest.xml:21:19-61
29            <intent-filter>
29-->src\main\AndroidManifest.xml:22:13-27:29
30                <action android:name="android.intent.action.MAIN" />
30-->src\main\AndroidManifest.xml:23:17-69
30-->src\main\AndroidManifest.xml:23:25-66
31
32                <category android:name="android.intent.category.LAUNCHER" />
32-->src\main\AndroidManifest.xml:25:17-77
32-->src\main\AndroidManifest.xml:25:27-74
33                <category android:name="android.intent.category.DEFAULT" />
33-->src\main\AndroidManifest.xml:26:17-76
33-->src\main\AndroidManifest.xml:26:27-73
34            </intent-filter>
35        </activity>
36        <activity android:name="com.example.acrepairpreview.activities.BaseActivity" />
36-->src\main\AndroidManifest.xml:29:9-61
36-->src\main\AndroidManifest.xml:29:19-58
37        <activity
37-->[com.akexorcist:localizationactivity:1.2.2] AndroidManifest.xml:12:9-14:69
38            android:name="com.akexorcist.localizationactivity.ui.BlankDummyActivity"
38-->[com.akexorcist:localizationactivity:1.2.2] AndroidManifest.xml:13:13-85
39            android:theme="@android:style/Theme.Black.NoTitleBar" />
39-->[com.akexorcist:localizationactivity:1.2.2] AndroidManifest.xml:14:13-66
40
41        <provider
41-->[androidx.lifecycle:lifecycle-process:2.1.0] AndroidManifest.xml:23:9-27:43
42            android:name="androidx.lifecycle.ProcessLifecycleOwnerInitializer"
42-->[androidx.lifecycle:lifecycle-process:2.1.0] AndroidManifest.xml:24:13-79
43            android:authorities="com.example.acrepairpreview.lifecycle-process"
43-->[androidx.lifecycle:lifecycle-process:2.1.0] AndroidManifest.xml:25:13-69
44            android:exported="false"
44-->[androidx.lifecycle:lifecycle-process:2.1.0] AndroidManifest.xml:26:13-37
45            android:multiprocess="true" />
45-->[androidx.lifecycle:lifecycle-process:2.1.0] AndroidManifest.xml:27:13-40
46
47        <activity
47-->[com.jakewharton:process-phoenix:2.0.0] AndroidManifest.xml:8:9-11:75
48            android:name="com.jakewharton.processphoenix.ProcessPhoenix"
48-->[com.jakewharton:process-phoenix:2.0.0] AndroidManifest.xml:9:13-73
49            android:process=":phoenix"
49-->[com.jakewharton:process-phoenix:2.0.0] AndroidManifest.xml:10:13-39
50            android:theme="@android:style/Theme.Translucent.NoTitleBar" />
50-->[com.jakewharton:process-phoenix:2.0.0] AndroidManifest.xml:11:13-72
51
52        <service
52-->[androidx.room:room-runtime:2.2.2] AndroidManifest.xml:25:9-27:40
53            android:name="androidx.room.MultiInstanceInvalidationService"
53-->[androidx.room:room-runtime:2.2.2] AndroidManifest.xml:26:13-74
54            android:exported="false" />
54-->[androidx.room:room-runtime:2.2.2] AndroidManifest.xml:27:13-37
55    </application>
56
57</manifest>